Hosting environment: Development
Content root path: C:\Users\moscagi1\Documents\GitHub\botler\Botler
Now listening on: http://127.0.0.1:22160
Application started. Press Ctrl+C to shut down.
info: Microsoft.AspNetCore.Hosting.Internal.WebHost[1]
      Request starting HTTP/1.1 DEBUG http://localhost:3978/  0
info: Microsoft.AspNetCore.Hosting.Internal.WebHost[1]
      Request starting HTTP/1.1 GET http://localhost:3978/  
info: Microsoft.AspNetCore.Hosting.Internal.WebHost[2]
      Request finished in 177.3041ms 200 
info: Microsoft.AspNetCore.StaticFiles.StaticFileMiddleware[2]
      Sending file. Request path: '/index.html'. Physical path: 'C:\Users\moscagi1\Documents\GitHub\botler\Botler\wwwroot\index.html'
info: Microsoft.AspNetCore.Hosting.Internal.WebHost[2]
      Request finished in 493.7452ms 200 text/html
info: Microsoft.AspNetCore.Hosting.Internal.WebHost[1]
      Request starting HTTP/1.1 GET http://localhost:3978/startPageStyle.css  
info: Microsoft.AspNetCore.Hosting.Internal.WebHost[1]
      Request starting HTTP/1.1 GET http://localhost:3978/Innovazione.png  
info: Microsoft.AspNetCore.StaticFiles.StaticFileMiddleware[2]
      Sending file. Request path: '/startPageStyle.css'. Physical path: 'C:\Users\moscagi1\Documents\GitHub\botler\Botler\wwwroot\startPageStyle.css'
info: Microsoft.AspNetCore.StaticFiles.StaticFileMiddleware[2]
      Sending file. Request path: '/Innovazione.png'. Physical path: 'C:\Users\moscagi1\Documents\GitHub\botler\Botler\wwwroot\Innovazione.png'
info: Microsoft.AspNetCore.Hosting.Internal.WebHost[2]
      Request finished in 84.5962ms 200 image/png
info: Microsoft.AspNetCore.Hosting.Internal.WebHost[2]
      Request finished in 84.608ms 200 text/css
info: Microsoft.AspNetCore.Hosting.Internal.WebHost[1]
      Request starting HTTP/1.1 GET http://localhost:3978/bb8RetiResize.png  
info: Microsoft.AspNetCore.Hosting.Internal.WebHost[1]
      Request starting HTTP/1.1 GET http://localhost:3978/WorldBackground.png  
info: Microsoft.AspNetCore.StaticFiles.StaticFileMiddleware[2]
      Sending file. Request path: '/bb8RetiResize.png'. Physical path: 'C:\Users\moscagi1\Documents\GitHub\botler\Botler\wwwroot\bb8RetiResize.png'
info: Microsoft.AspNetCore.Hosting.Internal.WebHost[2]
      Request finished in 73.4546ms 200 image/png
info: Microsoft.AspNetCore.StaticFiles.StaticFileMiddleware[2]
      Sending file. Request path: '/WorldBackground.png'. Physical path: 'C:\Users\moscagi1\Documents\GitHub\botler\Botler\wwwroot\WorldBackground.png'
info: Microsoft.AspNetCore.Hosting.Internal.WebHost[2]
      Request finished in 266.4938ms 200 image/png
info: Microsoft.AspNetCore.Hosting.Internal.WebHost[1]
      Request starting HTTP/1.1 GET http://localhost:3978/favicon.ico  
info: Microsoft.AspNetCore.Hosting.Internal.WebHost[2]
      Request finished in 8.2015ms 404 
